08/19/23 16:42:52 [INFO ][log.cpp:20] [test] info
08/19/23 16:42:52 [WARN ][log.cpp:21] [test] warn
08/19/23 16:42:52 [ERROR][log.cpp:22] [test] error
08/19/23 16:42:52 [FATAL][log.cpp:23] [test] fatal
08/19/23 16:42:52 [INFO ][../main.cpp:16] [main] main log test
08/20/23 20:18:58 [INFO ][log.cpp:20] [test] info
08/20/23 20:18:58 [WARN ][log.cpp:21] [test] warn
08/20/23 20:18:58 [ERROR][log.cpp:22] [test] error
08/20/23 20:18:58 [FATAL][log.cpp:23] [test] fatal
08/20/23 20:18:58 [INFO ][../main.cpp:16] [main] main log test
08/20/23 20:21:58 [INFO ][log.cpp:20] [test] info
08/20/23 20:21:58 [WARN ][log.cpp:21] [test] warn
08/20/23 20:21:58 [ERROR][log.cpp:22] [test] error
08/20/23 20:21:58 [FATAL][log.cpp:23] [test] fatal
08/20/23 20:21:58 [INFO ][../main.cpp:17] [main] main log test
08/20/23 20:22:47 [INFO ][log.cpp:20] [test] info
08/20/23 20:22:47 [WARN ][log.cpp:21] [test] warn
08/20/23 20:22:47 [ERROR][log.cpp:22] [test] error
08/20/23 20:22:47 [FATAL][log.cpp:23] [test] fatal
08/20/23 20:22:47 [INFO ][../main.cpp:17] [main] main log test
08/20/23 20:23:25 [INFO ][log.cpp:20] [test] info
08/20/23 20:23:25 [WARN ][log.cpp:21] [test] warn
08/20/23 20:23:25 [ERROR][log.cpp:22] [test] error
08/20/23 20:23:25 [FATAL][log.cpp:23] [test] fatal
08/20/23 20:23:25 [INFO ][../main.cpp:17] [main] main log test
08/20/23 20:28:23 [INFO ][log.cpp:20] [test] info
08/20/23 20:28:23 [WARN ][log.cpp:21] [test] warn
08/20/23 20:28:23 [ERROR][log.cpp:22] [test] error
08/20/23 20:28:23 [FATAL][log.cpp:23] [test] fatal
08/20/23 20:28:23 [INFO ][../main.cpp:21] [main] main log test
08/20/23 20:28:32 [INFO ][log.cpp:20] [test] info
08/20/23 20:28:32 [WARN ][log.cpp:21] [test] warn
08/20/23 20:28:32 [ERROR][log.cpp:22] [test] error
08/20/23 20:28:32 [FATAL][log.cpp:23] [test] fatal
08/20/23 20:28:32 [INFO ][../main.cpp:21] [main] main log test
08/20/23 20:30:05 [INFO ][log.cpp:20] [test] info
08/20/23 20:30:05 [WARN ][log.cpp:21] [test] warn
08/20/23 20:30:05 [ERROR][log.cpp:22] [test] error
08/20/23 20:30:05 [FATAL][log.cpp:23] [test] fatal
08/20/23 20:30:05 [INFO ][../main.cpp:21] [main] main log test
08/20/23 20:30:09 [INFO ][log.cpp:20] [test] info
08/20/23 20:30:09 [WARN ][log.cpp:21] [test] warn
08/20/23 20:30:09 [ERROR][log.cpp:22] [test] error
08/20/23 20:30:09 [FATAL][log.cpp:23] [test] fatal
08/20/23 20:30:09 [INFO ][../main.cpp:21] [main] main log test
08/20/23 20:31:16 [INFO ][log.cpp:20] [test] info
08/20/23 20:31:16 [WARN ][log.cpp:21] [test] warn
08/20/23 20:31:16 [ERROR][log.cpp:22] [test] error
08/20/23 20:31:16 [FATAL][log.cpp:23] [test] fatal
08/20/23 20:31:16 [INFO ][../main.cpp:21] [main] main log test
08/20/23 20:31:49 [INFO ][log.cpp:20] [test] info
08/20/23 20:31:49 [WARN ][log.cpp:21] [test] warn
08/20/23 20:31:49 [ERROR][log.cpp:22] [test] error
08/20/23 20:31:49 [FATAL][log.cpp:23] [test] fatal
08/20/23 20:31:49 [INFO ][../main.cpp:21] [main] main log test
08/20/23 20:31:56 [INFO ][log.cpp:20] [test] info
08/20/23 20:31:56 [WARN ][log.cpp:21] [test] warn
08/20/23 20:31:56 [ERROR][log.cpp:22] [test] error
08/20/23 20:31:56 [FATAL][log.cpp:23] [test] fatal
08/20/23 20:31:56 [INFO ][../main.cpp:21] [main] main log test
08/20/23 20:32:31 [INFO ][log.cpp:20] [test] info
08/20/23 20:32:31 [WARN ][log.cpp:21] [test] warn
08/20/23 20:32:31 [ERROR][log.cpp:22] [test] error
08/20/23 20:32:31 [FATAL][log.cpp:23] [test] fatal
08/20/23 20:32:31 [INFO ][../main.cpp:21] [main] main log test
08/20/23 20:33:29 [INFO ][log.cpp:20] [test] info
08/20/23 20:33:29 [WARN ][log.cpp:21] [test] warn
08/20/23 20:33:29 [ERROR][log.cpp:22] [test] error
08/20/23 20:33:29 [FATAL][log.cpp:23] [test] fatal
08/20/23 20:33:29 [INFO ][../main.cpp:21] [main] main log test
08/20/23 20:33:50 [INFO ][log.cpp:20] [test] info
08/20/23 20:33:50 [WARN ][log.cpp:21] [test] warn
08/20/23 20:33:50 [ERROR][log.cpp:22] [test] error
08/20/23 20:33:50 [FATAL][log.cpp:23] [test] fatal
08/20/23 20:33:50 [INFO ][../main.cpp:21] [main] main log test
08/20/23 20:34:54 [INFO ][log.cpp:20] [test] info
08/20/23 20:34:54 [WARN ][log.cpp:21] [test] warn
08/20/23 20:34:54 [ERROR][log.cpp:22] [test] error
08/20/23 20:34:54 [FATAL][log.cpp:23] [test] fatal
08/20/23 20:34:54 [INFO ][../main.cpp:21] [main] main log test
08/20/23 20:36:14 [INFO ][log.cpp:20] [test] info
08/20/23 20:36:14 [WARN ][log.cpp:21] [test] warn
08/20/23 20:36:14 [ERROR][log.cpp:22] [test] error
08/20/23 20:36:14 [FATAL][log.cpp:23] [test] fatal
08/20/23 20:36:14 [INFO ][../main.cpp:21] [main] main log test
08/20/23 20:36:20 [INFO ][log.cpp:20] [test] info
08/20/23 20:36:20 [WARN ][log.cpp:21] [test] warn
08/20/23 20:36:20 [ERROR][log.cpp:22] [test] error
08/20/23 20:36:20 [FATAL][log.cpp:23] [test] fatal
08/20/23 20:36:20 [INFO ][../main.cpp:21] [main] main log test
08/20/23 20:38:22 [INFO ][log.cpp:20] [test] info
08/20/23 20:38:22 [WARN ][log.cpp:21] [test] warn
08/20/23 20:38:22 [ERROR][log.cpp:22] [test] error
08/20/23 20:38:22 [FATAL][log.cpp:23] [test] fatal
08/20/23 20:38:22 [INFO ][../main.cpp:21] [main] main log test
08/20/23 20:40:31 [INFO ][log.cpp:20] [test] info
08/20/23 20:40:31 [WARN ][log.cpp:21] [test] warn
08/20/23 20:40:31 [ERROR][log.cpp:22] [test] error
08/20/23 20:40:31 [FATAL][log.cpp:23] [test] fatal
08/20/23 20:40:31 [INFO ][../main.cpp:21] [main] main log test
08/20/23 20:44:49 [INFO ][log.cpp:20] [test] info
08/20/23 20:44:49 [WARN ][log.cpp:21] [test] warn
08/20/23 20:44:49 [ERROR][log.cpp:22] [test] error
08/20/23 20:44:49 [FATAL][log.cpp:23] [test] fatal
08/20/23 20:44:49 [INFO ][../main.cpp:21] [main] main log test
08/20/23 20:44:51 [INFO ][log.cpp:20] [test] info
08/20/23 20:44:51 [WARN ][log.cpp:21] [test] warn
08/20/23 20:44:51 [ERROR][log.cpp:22] [test] error
08/20/23 20:44:51 [FATAL][log.cpp:23] [test] fatal
08/20/23 20:44:51 [INFO ][../main.cpp:21] [main] main log test
08/20/23 20:47:02 [INFO ][log.cpp:20] [test] info
08/20/23 20:47:02 [WARN ][log.cpp:21] [test] warn
08/20/23 20:47:02 [ERROR][log.cpp:22] [test] error
08/20/23 20:47:02 [FATAL][log.cpp:23] [test] fatal
08/20/23 20:47:02 [INFO ][../main.cpp:20] [main] main log test
08/20/23 20:47:08 [INFO ][log.cpp:20] [test] info
08/20/23 20:47:08 [WARN ][log.cpp:21] [test] warn
08/20/23 20:47:08 [ERROR][log.cpp:22] [test] error
08/20/23 20:47:08 [FATAL][log.cpp:23] [test] fatal
08/20/23 20:47:08 [INFO ][../main.cpp:20] [main] main log test
08/20/23 20:47:27 [INFO ][log.cpp:20] [test] info
08/20/23 20:47:27 [WARN ][log.cpp:21] [test] warn
08/20/23 20:47:27 [ERROR][log.cpp:22] [test] error
08/20/23 20:47:27 [FATAL][log.cpp:23] [test] fatal
08/20/23 20:47:27 [INFO ][../main.cpp:20] [main] main log test
08/20/23 20:47:36 [INFO ][log.cpp:20] [test] info
08/20/23 20:47:36 [WARN ][log.cpp:21] [test] warn
08/20/23 20:47:36 [ERROR][log.cpp:22] [test] error
08/20/23 20:47:36 [FATAL][log.cpp:23] [test] fatal
08/20/23 20:47:36 [INFO ][../main.cpp:20] [main] main log test
08/20/23 20:48:05 [INFO ][log.cpp:20] [test] info
08/20/23 20:48:05 [WARN ][log.cpp:21] [test] warn
08/20/23 20:48:05 [ERROR][log.cpp:22] [test] error
08/20/23 20:48:05 [FATAL][log.cpp:23] [test] fatal
08/20/23 20:48:05 [INFO ][../main.cpp:20] [main] main log test
08/20/23 20:49:51 [INFO ][log.cpp:20] [test] info
08/20/23 20:49:51 [WARN ][log.cpp:21] [test] warn
08/20/23 20:49:51 [ERROR][log.cpp:22] [test] error
08/20/23 20:49:51 [FATAL][log.cpp:23] [test] fatal
08/20/23 20:49:51 [INFO ][../main.cpp:20] [main] main log test
08/20/23 20:50:31 [INFO ][log.cpp:20] [test] info
08/20/23 20:50:31 [WARN ][log.cpp:21] [test] warn
08/20/23 20:50:31 [ERROR][log.cpp:22] [test] error
08/20/23 20:50:31 [FATAL][log.cpp:23] [test] fatal
08/20/23 20:50:31 [INFO ][../main.cpp:20] [main] main log test
08/20/23 21:35:38 [INFO ][log.cpp:20] [test] info
08/20/23 21:35:38 [WARN ][log.cpp:21] [test] warn
08/20/23 21:35:38 [ERROR][log.cpp:22] [test] error
08/20/23 21:35:38 [FATAL][log.cpp:23] [test] fatal
08/20/23 21:35:38 [INFO ][../main.cpp:20] [main] main log test
08/20/23 21:35:46 [INFO ][log.cpp:20] [test] info
08/20/23 21:35:46 [WARN ][log.cpp:21] [test] warn
08/20/23 21:35:46 [ERROR][log.cpp:22] [test] error
08/20/23 21:35:46 [FATAL][log.cpp:23] [test] fatal
08/20/23 21:35:46 [INFO ][../main.cpp:20] [main] main log test
08/20/23 21:35:52 [INFO ][log.cpp:20] [test] info
08/20/23 21:35:52 [WARN ][log.cpp:21] [test] warn
08/20/23 21:35:52 [ERROR][log.cpp:22] [test] error
08/20/23 21:35:52 [FATAL][log.cpp:23] [test] fatal
08/20/23 21:35:52 [INFO ][../main.cpp:20] [main] main log test
08/20/23 21:56:47 [INFO ][log.cpp:20] [test] info
08/20/23 21:56:47 [WARN ][log.cpp:21] [test] warn
08/20/23 21:56:47 [ERROR][log.cpp:22] [test] error
08/20/23 21:56:47 [FATAL][log.cpp:23] [test] fatal
08/20/23 21:56:47 [INFO ][../main.cpp:20] [main] main log test
08/20/23 21:57:02 [INFO ][log.cpp:7] [Log] #############
08/20/23 21:57:02 [INFO ][log.cpp:8] [Log] main log init
08/20/23 21:57:41 [INFO ][log.cpp:7] [Log] #############
08/20/23 21:57:41 [INFO ][log.cpp:8] [Log] main log init
08/20/23 21:57:47 [INFO ][log.cpp:7] [Log] #############
08/20/23 21:57:47 [INFO ][log.cpp:8] [Log] main log init
08/20/23 22:01:04 [INFO ][log.cpp:7] [Log] #############
08/20/23 22:01:04 [INFO ][log.cpp:8] [Log] main log init
08/20/23 22:01:11 [INFO ][log.cpp:7] [Log] #############
08/20/23 22:01:11 [INFO ][log.cpp:8] [Log] main log init
08/20/23 22:01:24 [INFO ][log.cpp:7] [Log] #############
08/20/23 22:01:24 [INFO ][log.cpp:8] [Log] main log init
08/20/23 22:01:50 [INFO ][log.cpp:7] [Log] #############
08/20/23 22:01:50 [INFO ][log.cpp:8] [Log] main log init
08/20/23 22:02:12 [INFO ][log.cpp:7] [Log] #############
08/20/23 22:02:12 [INFO ][log.cpp:8] [Log] main log init
08/20/23 22:02:14 [INFO ][log.cpp:7] [Log] #############
08/20/23 22:02:14 [INFO ][log.cpp:8] [Log] main log init
08/20/23 22:02:19 [INFO ][log.cpp:7] [Log] #############
08/20/23 22:02:19 [INFO ][log.cpp:8] [Log] main log init
08/20/23 22:02:26 [INFO ][log.cpp:7] [Log] #############
08/20/23 22:02:26 [INFO ][log.cpp:8] [Log] main log init
08/20/23 22:02:46 [INFO ][log.cpp:7] [Log] #############
08/20/23 22:02:46 [INFO ][log.cpp:8] [Log] main log init
08/20/23 22:02:54 [INFO ][log.cpp:7] [Log] #############
08/20/23 22:02:54 [INFO ][log.cpp:8] [Log] main log init
08/20/23 22:02:56 [INFO ][log.cpp:7] [Log] #############
08/20/23 22:02:56 [INFO ][log.cpp:8] [Log] main log init
08/20/23 22:03:00 [INFO ][log.cpp:7] [Log] #############
08/20/23 22:03:00 [INFO ][log.cpp:8] [Log] main log init
08/20/23 22:03:05 [INFO ][log.cpp:7] [Log] #############
08/20/23 22:03:05 [INFO ][log.cpp:8] [Log] main log init
08/20/23 22:03:11 [INFO ][log.cpp:7] [Log] #############
08/20/23 22:03:11 [INFO ][log.cpp:8] [Log] main log init
08/20/23 22:03:15 [INFO ][log.cpp:7] [Log] #############
08/20/23 22:03:15 [INFO ][log.cpp:8] [Log] main log init
08/20/23 22:03:35 [INFO ][log.cpp:7] [Log] #############
08/20/23 22:03:35 [INFO ][log.cpp:8] [Log] main log init
08/20/23 22:03:46 [INFO ][log.cpp:7] [Log] #############
08/20/23 22:03:46 [INFO ][log.cpp:8] [Log] main log init
08/20/23 22:04:06 [INFO ][log.cpp:7] [Log] #############
08/20/23 22:04:06 [INFO ][log.cpp:8] [Log] main log init
08/20/23 22:04:14 [INFO ][log.cpp:7] [Log] #############
08/20/23 22:04:14 [INFO ][log.cpp:8] [Log] main log init
08/20/23 22:04:19 [INFO ][log.cpp:7] [Log] #############
08/20/23 22:04:19 [INFO ][log.cpp:8] [Log] main log init
08/20/23 22:06:05 [INFO ][log.cpp:7] [Log] #############
08/20/23 22:06:05 [INFO ][log.cpp:8] [Log] main log init
08/20/23 22:06:15 [INFO ][log.cpp:7] [Log] #############
08/20/23 22:06:15 [INFO ][log.cpp:8] [Log] main log init
08/20/23 22:07:03 [INFO ][log.cpp:7] [Log] #############
08/20/23 22:07:03 [INFO ][log.cpp:8] [Log] main log init
08/20/23 22:07:17 [INFO ][log.cpp:7] [Log] #############
08/20/23 22:07:17 [INFO ][log.cpp:8] [Log] main log init
08/20/23 22:07:25 [INFO ][log.cpp:7] [Log] #############
08/20/23 22:07:25 [INFO ][log.cpp:8] [Log] main log init
08/20/23 22:07:57 [INFO ][log.cpp:7] [Log] #############
08/20/23 22:07:57 [INFO ][log.cpp:8] [Log] main log init
